[2018-07-02 14:13:24] lumen.ERROR: PDOException: SQLSTATE[42S02]: Base table or view not found: 1146 Table 'kanbandb.users' doesn't exist in /var/www/vendor/illuminate/database/Connection.php:319
Stack trace:
#0 /var/www/vendor/illuminate/database/Connection.php(319): PDO->prepare('select * from `...')
#1 /var/www/vendor/illuminate/database/Connection.php(640): Illuminate\Database\Connection->Illuminate\Database\{closure}('select * from `...', Array)
#2 /var/www/vendor/illuminate/database/Connection.php(607): Illuminate\Database\Connection->runQueryCallback('select * from `...', Array, Object(Closure))
#3 /var/www/vendor/illuminate/database/Connection.php(326): Illuminate\Database\Connection->run('select * from `...', Array, Object(Closure))
#4 /var/www/vendor/illuminate/database/Query/Builder.php(1705): Illuminate\Database\Connection->select('select * from `...', Array, true)
#5 /var/www/vendor/illuminate/database/Query/Builder.php(1690): Illuminate\Database\Query\Builder->runSelect()
#6 /var/www/vendor/illuminate/database/Eloquent/Builder.php(462): Illuminate\Database\Query\Builder->get(Array)
#7 /var/www/vendor/illuminate/database/Eloquent/Builder.php(446): Illuminate\Database\Eloquent\Builder->getModels(Array)
#8 /var/www/vendor/illuminate/database/Concerns/BuildsQueries.php(75): Illuminate\Database\Eloquent\Builder->get(Array)
#9 /var/www/vendor/illuminate/database/Eloquent/Builder.php(272): Illuminate\Database\Eloquent\Builder->first(Array)
#10 /var/www/vendor/illuminate/database/Eloquent/Model.php(1374): Illuminate\Database\Eloquent\Builder->find(6)
#11 /var/www/vendor/illuminate/database/Eloquent/Model.php(1386): Illuminate\Database\Eloquent\Model->__call('find', Array)
#12 /var/www/app/Http/Middleware/JwtMiddleware.php(33): Illuminate\Database\Eloquent\Model::__callStatic('find', Array)
#13 /var/www/vendor/illuminate/pipeline/Pipeline.php(148): App\Http\Middleware\JwtMiddleware->handle(Object(Illuminate\Http\Request), Object(Closure))
#14 [internal function]: Illuminate\Pipeline\Pipeline->Illuminate\Pipeline\{closure}(Object(Illuminate\Http\Request))
#15 /var/www/vendor/laravel/lumen-framework/src/Routing/Pipeline.php(32): call_user_func(Object(Closure), Object(Illuminate\Http\Request))
#16 /var/www/vendor/illuminate/pipeline/Pipeline.php(102): Laravel\Lumen\Routing\Pipeline->Laravel\Lumen\Routing\{closure}(Object(Illuminate\Http\Request))
#17 /var/www/vendor/laravel/lumen-framework/src/Concerns/RoutesRequests.php(778): Illuminate\Pipeline\Pipeline->then(Object(Closure))
#18 /var/www/vendor/laravel/lumen-framework/src/Concerns/RoutesRequests.php(624): Laravel\Lumen\Application->sendThroughPipeline(Array, Object(Closure))
#19 /var/www/vendor/laravel/lumen-framework/src/Concerns/RoutesRequests.php(598): Laravel\Lumen\Application->handleFoundRoute(Array)
#20 /var/www/vendor/laravel/lumen-framework/src/Concerns/RoutesRequests.php(532): Laravel\Lumen\Application->handleDispatcherResponse(Array)
#21 /var/www/vendor/laravel/lumen-framework/src/Concerns/RoutesRequests.php(781): Laravel\Lumen\Application->Laravel\Lumen\Concerns\{closure}()
#22 /var/www/vendor/laravel/lumen-framework/src/Concerns/RoutesRequests.php(534): Laravel\Lumen\Application->sendThroughPipeline(Array, Object(Closure))
#23 /var/www/vendor/laravel/lumen-framework/src/Concerns/RoutesRequests.php(475): Laravel\Lumen\Application->dispatch(NULL)
#24 /var/www/index.php(28): Laravel\Lumen\Application->run()
#25 {main}

Next Illuminate\Database\QueryException: SQLSTATE[42S02]: Base table or view not found: 1146 Table 'kanbandb.users' doesn't exist (SQL: select * from `users` where `users`.`id` = 6 limit 1) in /var/www/vendor/illuminate/database/Connection.php:647
Stack trace:
#0 /var/www/vendor/illuminate/database/Connection.php(607): Illuminate\Database\Connection->runQueryCallback('select * from `...', Array, Object(Closure))
#1 /var/www/vendor/illuminate/database/Connection.php(326): Illuminate\Database\Connection->run('select * from `...', Array, Object(Closure))
#2 /var/www/vendor/illuminate/database/Query/Builder.php(1705): Illuminate\Database\Connection->select('select * from `...', Array, true)
#3 /var/www/vendor/illuminate/database/Query/Builder.php(1690): Illuminate\Database\Query\Builder->runSelect()
#4 /var/www/vendor/illuminate/database/Eloquent/Builder.php(462): Illuminate\Database\Query\Builder->get(Array)
#5 /var/www/vendor/illuminate/database/Eloquent/Builder.php(446): Illuminate\Database\Eloquent\Builder->getModels(Array)
#6 /var/www/vendor/illuminate/database/Concerns/BuildsQueries.php(75): Illuminate\Database\Eloquent\Builder->get(Array)
#7 /var/www/vendor/illuminate/database/Eloquent/Builder.php(272): Illuminate\Database\Eloquent\Builder->first(Array)
#8 /var/www/vendor/illuminate/database/Eloquent/Model.php(1374): Illuminate\Database\Eloquent\Builder->find(6)
#9 /var/www/vendor/illuminate/database/Eloquent/Model.php(1386): Illuminate\Database\Eloquent\Model->__call('find', Array)
#10 /var/www/app/Http/Middleware/JwtMiddleware.php(33): Illuminate\Database\Eloquent\Model::__callStatic('find', Array)
#11 /var/www/vendor/illuminate/pipeline/Pipeline.php(148): App\Http\Middleware\JwtMiddleware->handle(Object(Illuminate\Http\Request), Object(Closure))
#12 [internal function]: Illuminate\Pipeline\Pipeline->Illuminate\Pipeline\{closure}(Object(Illuminate\Http\Request))
#13 /var/www/vendor/laravel/lumen-framework/src/Routing/Pipeline.php(32): call_user_func(Object(Closure), Object(Illuminate\Http\Request))
#14 /var/www/vendor/illuminate/pipeline/Pipeline.php(102): Laravel\Lumen\Routing\Pipeline->Laravel\Lumen\Routing\{closure}(Object(Illuminate\Http\Request))
#15 /var/www/vendor/laravel/lumen-framework/src/Concerns/RoutesRequests.php(778): Illuminate\Pipeline\Pipeline->then(Object(Closure))
#16 /var/www/vendor/laravel/lumen-framework/src/Concerns/RoutesRequests.php(624): Laravel\Lumen\Application->sendThroughPipeline(Array, Object(Closure))
#17 /var/www/vendor/laravel/lumen-framework/src/Concerns/RoutesRequests.php(598): Laravel\Lumen\Application->handleFoundRoute(Array)
#18 /var/www/vendor/laravel/lumen-framework/src/Concerns/RoutesRequests.php(532): Laravel\Lumen\Application->handleDispatcherResponse(Array)
#19 /var/www/vendor/laravel/lumen-framework/src/Concerns/RoutesRequests.php(781): Laravel\Lumen\Application->Laravel\Lumen\Concerns\{closure}()
#20 /var/www/vendor/laravel/lumen-framework/src/Concerns/RoutesRequests.php(534): Laravel\Lumen\Application->sendThroughPipeline(Array, Object(Closure))
#21 /var/www/vendor/laravel/lumen-framework/src/Concerns/RoutesRequests.php(475): Laravel\Lumen\Application->dispatch(NULL)
#22 /var/www/index.php(28): Laravel\Lumen\Application->run()
#23 {main}  
[2018-07-02 14:23:29] lumen.ERROR: ErrorException: Trying to get property of non-object in /var/www/app/Http/Controllers/TaskController.php:44
Stack trace:
#0 /var/www/app/Http/Controllers/TaskController.php(44): Laravel\Lumen\Application->Laravel\Lumen\Concerns\{closure}(8, 'Trying to get p...', '/var/www/app/Ht...', 44, Array)
#1 [internal function]: App\Http\Controllers\TaskController->update(Object(Illuminate\Http\Request), '51', '4')
#2 /var/www/vendor/illuminate/container/BoundMethod.php(29): call_user_func_array(Array, Array)
#3 /var/www/vendor/illuminate/container/BoundMethod.php(87): Illuminate\Container\BoundMethod::Illuminate\Container\{closure}()
#4 /var/www/vendor/illuminate/container/BoundMethod.php(31): Illuminate\Container\BoundMethod::callBoundMethod(Object(Laravel\Lumen\Application), Array, Object(Closure))
#5 /var/www/vendor/illuminate/container/Container.php(539): Illuminate\Container\BoundMethod::call(Object(Laravel\Lumen\Application), Array, Array, NULL)
#6 /var/www/vendor/laravel/lumen-framework/src/Concerns/RoutesRequests.php(741): Illuminate\Container\Container->call(Array, Array)
#7 /var/www/vendor/laravel/lumen-framework/src/Concerns/RoutesRequests.php(707): Laravel\Lumen\Application->callControllerCallable(Array, Array)
#8 /var/www/vendor/laravel/lumen-framework/src/Concerns/RoutesRequests.php(681): Laravel\Lumen\Application->callLumenController(Object(App\Http\Controllers\TaskController), 'update', Array)
#9 /var/www/vendor/laravel/lumen-framework/src/Concerns/RoutesRequests.php(643): Laravel\Lumen\Application->callControllerAction(Array)
#10 /var/www/vendor/laravel/lumen-framework/src/Concerns/RoutesRequests.php(623): Laravel\Lumen\Application->callActionOnArrayBasedRoute(Array)
#11 [internal function]: Laravel\Lumen\Application->Laravel\Lumen\Concerns\{closure}(Object(Illuminate\Http\Request))
#12 /var/www/vendor/laravel/lumen-framework/src/Routing/Pipeline.php(52): call_user_func(Object(Closure), Object(Illuminate\Http\Request))
#13 /var/www/app/Http/Middleware/JwtMiddleware.php(37): Laravel\Lumen\Routing\Pipeline->Laravel\Lumen\Routing\{closure}(Object(Illuminate\Http\Request))
#14 /var/www/vendor/illuminate/pipeline/Pipeline.php(148): App\Http\Middleware\JwtMiddleware->handle(Object(Illuminate\Http\Request), Object(Closure))
#15 [internal function]: Illuminate\Pipeline\Pipeline->Illuminate\Pipeline\{closure}(Object(Illuminate\Http\Request))
#16 /var/www/vendor/laravel/lumen-framework/src/Routing/Pipeline.php(32): call_user_func(Object(Closure), Object(Illuminate\Http\Request))
#17 /var/www/vendor/illuminate/pipeline/Pipeline.php(102): Laravel\Lumen\Routing\Pipeline->Laravel\Lumen\Routing\{closure}(Object(Illuminate\Http\Request))
#18 /var/www/vendor/laravel/lumen-framework/src/Concerns/RoutesRequests.php(778): Illuminate\Pipeline\Pipeline->then(Object(Closure))
#19 /var/www/vendor/laravel/lumen-framework/src/Concerns/RoutesRequests.php(624): Laravel\Lumen\Application->sendThroughPipeline(Array, Object(Closure))
#20 /var/www/vendor/laravel/lumen-framework/src/Concerns/RoutesRequests.php(598): Laravel\Lumen\Application->handleFoundRoute(Array)
#21 /var/www/vendor/laravel/lumen-framework/src/Concerns/RoutesRequests.php(532): Laravel\Lumen\Application->handleDispatcherResponse(Array)
#22 /var/www/vendor/laravel/lumen-framework/src/Concerns/RoutesRequests.php(781): Laravel\Lumen\Application->Laravel\Lumen\Concerns\{closure}()
#23 /var/www/vendor/laravel/lumen-framework/src/Concerns/RoutesRequests.php(534): Laravel\Lumen\Application->sendThroughPipeline(Array, Object(Closure))
#24 /var/www/vendor/laravel/lumen-framework/src/Concerns/RoutesRequests.php(475): Laravel\Lumen\Application->dispatch(NULL)
#25 /var/www/index.php(28): Laravel\Lumen\Application->run()
#26 {main}  
[2018-07-02 14:24:26] lumen.ERROR: ErrorException: Trying to get property of non-object in /var/www/app/Http/Controllers/TaskController.php:44
Stack trace:
#0 /var/www/app/Http/Controllers/TaskController.php(44): Laravel\Lumen\Application->Laravel\Lumen\Concerns\{closure}(8, 'Trying to get p...', '/var/www/app/Ht...', 44, Array)
#1 [internal function]: App\Http\Controllers\TaskController->update(Object(Illuminate\Http\Request), '51', '4')
#2 /var/www/vendor/illuminate/container/BoundMethod.php(29): call_user_func_array(Array, Array)
#3 /var/www/vendor/illuminate/container/BoundMethod.php(87): Illuminate\Container\BoundMethod::Illuminate\Container\{closure}()
#4 /var/www/vendor/illuminate/container/BoundMethod.php(31): Illuminate\Container\BoundMethod::callBoundMethod(Object(Laravel\Lumen\Application), Array, Object(Closure))
#5 /var/www/vendor/illuminate/container/Container.php(539): Illuminate\Container\BoundMethod::call(Object(Laravel\Lumen\Application), Array, Array, NULL)
#6 /var/www/vendor/laravel/lumen-framework/src/Concerns/RoutesRequests.php(741): Illuminate\Container\Container->call(Array, Array)
#7 /var/www/vendor/laravel/lumen-framework/src/Concerns/RoutesRequests.php(707): Laravel\Lumen\Application->callControllerCallable(Array, Array)
#8 /var/www/vendor/laravel/lumen-framework/src/Concerns/RoutesRequests.php(681): Laravel\Lumen\Application->callLumenController(Object(App\Http\Controllers\TaskController), 'update', Array)
#9 /var/www/vendor/laravel/lumen-framework/src/Concerns/RoutesRequests.php(643): Laravel\Lumen\Application->callControllerAction(Array)
#10 /var/www/vendor/laravel/lumen-framework/src/Concerns/RoutesRequests.php(623): Laravel\Lumen\Application->callActionOnArrayBasedRoute(Array)
#11 [internal function]: Laravel\Lumen\Application->Laravel\Lumen\Concerns\{closure}(Object(Illuminate\Http\Request))
#12 /var/www/vendor/laravel/lumen-framework/src/Routing/Pipeline.php(52): call_user_func(Object(Closure), Object(Illuminate\Http\Request))
#13 /var/www/app/Http/Middleware/JwtMiddleware.php(37): Laravel\Lumen\Routing\Pipeline->Laravel\Lumen\Routing\{closure}(Object(Illuminate\Http\Request))
#14 /var/www/vendor/illuminate/pipeline/Pipeline.php(148): App\Http\Middleware\JwtMiddleware->handle(Object(Illuminate\Http\Request), Object(Closure))
#15 [internal function]: Illuminate\Pipeline\Pipeline->Illuminate\Pipeline\{closure}(Object(Illuminate\Http\Request))
#16 /var/www/vendor/laravel/lumen-framework/src/Routing/Pipeline.php(32): call_user_func(Object(Closure), Object(Illuminate\Http\Request))
#17 /var/www/vendor/illuminate/pipeline/Pipeline.php(102): Laravel\Lumen\Routing\Pipeline->Laravel\Lumen\Routing\{closure}(Object(Illuminate\Http\Request))
#18 /var/www/vendor/laravel/lumen-framework/src/Concerns/RoutesRequests.php(778): Illuminate\Pipeline\Pipeline->then(Object(Closure))
#19 /var/www/vendor/laravel/lumen-framework/src/Concerns/RoutesRequests.php(624): Laravel\Lumen\Application->sendThroughPipeline(Array, Object(Closure))
#20 /var/www/vendor/laravel/lumen-framework/src/Concerns/RoutesRequests.php(598): Laravel\Lumen\Application->handleFoundRoute(Array)
#21 /var/www/vendor/laravel/lumen-framework/src/Concerns/RoutesRequests.php(532): Laravel\Lumen\Application->handleDispatcherResponse(Array)
#22 /var/www/vendor/laravel/lumen-framework/src/Concerns/RoutesRequests.php(781): Laravel\Lumen\Application->Laravel\Lumen\Concerns\{closure}()
#23 /var/www/vendor/laravel/lumen-framework/src/Concerns/RoutesRequests.php(534): Laravel\Lumen\Application->sendThroughPipeline(Array, Object(Closure))
#24 /var/www/vendor/laravel/lumen-framework/src/Concerns/RoutesRequests.php(475): Laravel\Lumen\Application->dispatch(NULL)
#25 /var/www/index.php(28): Laravel\Lumen\Application->run()
#26 {main}  
[2018-07-02 14:24:54] lumen.ERROR: ErrorException: Trying to get property of non-object in /var/www/app/Http/Controllers/TaskController.php:44
Stack trace:
#0 /var/www/app/Http/Controllers/TaskController.php(44): Laravel\Lumen\Application->Laravel\Lumen\Concerns\{closure}(8, 'Trying to get p...', '/var/www/app/Ht...', 44, Array)
#1 [internal function]: App\Http\Controllers\TaskController->update(Object(Illuminate\Http\Request), '51', '4')
#2 /var/www/vendor/illuminate/container/BoundMethod.php(29): call_user_func_array(Array, Array)
#3 /var/www/vendor/illuminate/container/BoundMethod.php(87): Illuminate\Container\BoundMethod::Illuminate\Container\{closure}()
#4 /var/www/vendor/illuminate/container/BoundMethod.php(31): Illuminate\Container\BoundMethod::callBoundMethod(Object(Laravel\Lumen\Application), Array, Object(Closure))
#5 /var/www/vendor/illuminate/container/Container.php(539): Illuminate\Container\BoundMethod::call(Object(Laravel\Lumen\Application), Array, Array, NULL)
#6 /var/www/vendor/laravel/lumen-framework/src/Concerns/RoutesRequests.php(741): Illuminate\Container\Container->call(Array, Array)
#7 /var/www/vendor/laravel/lumen-framework/src/Concerns/RoutesRequests.php(707): Laravel\Lumen\Application->callControllerCallable(Array, Array)
#8 /var/www/vendor/laravel/lumen-framework/src/Concerns/RoutesRequests.php(681): Laravel\Lumen\Application->callLumenController(Object(App\Http\Controllers\TaskController), 'update', Array)
#9 /var/www/vendor/laravel/lumen-framework/src/Concerns/RoutesRequests.php(643): Laravel\Lumen\Application->callControllerAction(Array)
#10 /var/www/vendor/laravel/lumen-framework/src/Concerns/RoutesRequests.php(623): Laravel\Lumen\Application->callActionOnArrayBasedRoute(Array)
#11 [internal function]: Laravel\Lumen\Application->Laravel\Lumen\Concerns\{closure}(Object(Illuminate\Http\Request))
#12 /var/www/vendor/laravel/lumen-framework/src/Routing/Pipeline.php(52): call_user_func(Object(Closure), Object(Illuminate\Http\Request))
#13 /var/www/app/Http/Middleware/JwtMiddleware.php(37): Laravel\Lumen\Routing\Pipeline->Laravel\Lumen\Routing\{closure}(Object(Illuminate\Http\Request))
#14 /var/www/vendor/illuminate/pipeline/Pipeline.php(148): App\Http\Middleware\JwtMiddleware->handle(Object(Illuminate\Http\Request), Object(Closure))
#15 [internal function]: Illuminate\Pipeline\Pipeline->Illuminate\Pipeline\{closure}(Object(Illuminate\Http\Request))
#16 /var/www/vendor/laravel/lumen-framework/src/Routing/Pipeline.php(32): call_user_func(Object(Closure), Object(Illuminate\Http\Request))
#17 /var/www/vendor/illuminate/pipeline/Pipeline.php(102): Laravel\Lumen\Routing\Pipeline->Laravel\Lumen\Routing\{closure}(Object(Illuminate\Http\Request))
#18 /var/www/vendor/laravel/lumen-framework/src/Concerns/RoutesRequests.php(778): Illuminate\Pipeline\Pipeline->then(Object(Closure))
#19 /var/www/vendor/laravel/lumen-framework/src/Concerns/RoutesRequests.php(624): Laravel\Lumen\Application->sendThroughPipeline(Array, Object(Closure))
#20 /var/www/vendor/laravel/lumen-framework/src/Concerns/RoutesRequests.php(598): Laravel\Lumen\Application->handleFoundRoute(Array)
#21 /var/www/vendor/laravel/lumen-framework/src/Concerns/RoutesRequests.php(532): Laravel\Lumen\Application->handleDispatcherResponse(Array)
#22 /var/www/vendor/laravel/lumen-framework/src/Concerns/RoutesRequests.php(781): Laravel\Lumen\Application->Laravel\Lumen\Concerns\{closure}()
#23 /var/www/vendor/laravel/lumen-framework/src/Concerns/RoutesRequests.php(534): Laravel\Lumen\Application->sendThroughPipeline(Array, Object(Closure))
#24 /var/www/vendor/laravel/lumen-framework/src/Concerns/RoutesRequests.php(475): Laravel\Lumen\Application->dispatch(NULL)
#25 /var/www/index.php(28): Laravel\Lumen\Application->run()
#26 {main}  
[2018-07-02 14:25:06] lumen.ERROR: ErrorException: Trying to get property of non-object in /var/www/app/Http/Controllers/TaskController.php:44
Stack trace:
#0 /var/www/app/Http/Controllers/TaskController.php(44): Laravel\Lumen\Application->Laravel\Lumen\Concerns\{closure}(8, 'Trying to get p...', '/var/www/app/Ht...', 44, Array)
#1 [internal function]: App\Http\Controllers\TaskController->update(Object(Illuminate\Http\Request), '51', '4')
#2 /var/www/vendor/illuminate/container/BoundMethod.php(29): call_user_func_array(Array, Array)
#3 /var/www/vendor/illuminate/container/BoundMethod.php(87): Illuminate\Container\BoundMethod::Illuminate\Container\{closure}()
#4 /var/www/vendor/illuminate/container/BoundMethod.php(31): Illuminate\Container\BoundMethod::callBoundMethod(Object(Laravel\Lumen\Application), Array, Object(Closure))
#5 /var/www/vendor/illuminate/container/Container.php(539): Illuminate\Container\BoundMethod::call(Object(Laravel\Lumen\Application), Array, Array, NULL)
#6 /var/www/vendor/laravel/lumen-framework/src/Concerns/RoutesRequests.php(741): Illuminate\Container\Container->call(Array, Array)
#7 /var/www/vendor/laravel/lumen-framework/src/Concerns/RoutesRequests.php(707): Laravel\Lumen\Application->callControllerCallable(Array, Array)
#8 /var/www/vendor/laravel/lumen-framework/src/Concerns/RoutesRequests.php(681): Laravel\Lumen\Application->callLumenController(Object(App\Http\Controllers\TaskController), 'update', Array)
#9 /var/www/vendor/laravel/lumen-framework/src/Concerns/RoutesRequests.php(643): Laravel\Lumen\Application->callControllerAction(Array)
#10 /var/www/vendor/laravel/lumen-framework/src/Concerns/RoutesRequests.php(623): Laravel\Lumen\Application->callActionOnArrayBasedRoute(Array)
#11 [internal function]: Laravel\Lumen\Application->Laravel\Lumen\Concerns\{closure}(Object(Illuminate\Http\Request))
#12 /var/www/vendor/laravel/lumen-framework/src/Routing/Pipeline.php(52): call_user_func(Object(Closure), Object(Illuminate\Http\Request))
#13 /var/www/app/Http/Middleware/JwtMiddleware.php(37): Laravel\Lumen\Routing\Pipeline->Laravel\Lumen\Routing\{closure}(Object(Illuminate\Http\Request))
#14 /var/www/vendor/illuminate/pipeline/Pipeline.php(148): App\Http\Middleware\JwtMiddleware->handle(Object(Illuminate\Http\Request), Object(Closure))
#15 [internal function]: Illuminate\Pipeline\Pipeline->Illuminate\Pipeline\{closure}(Object(Illuminate\Http\Request))
#16 /var/www/vendor/laravel/lumen-framework/src/Routing/Pipeline.php(32): call_user_func(Object(Closure), Object(Illuminate\Http\Request))
#17 /var/www/vendor/illuminate/pipeline/Pipeline.php(102): Laravel\Lumen\Routing\Pipeline->Laravel\Lumen\Routing\{closure}(Object(Illuminate\Http\Request))
#18 /var/www/vendor/laravel/lumen-framework/src/Concerns/RoutesRequests.php(778): Illuminate\Pipeline\Pipeline->then(Object(Closure))
#19 /var/www/vendor/laravel/lumen-framework/src/Concerns/RoutesRequests.php(624): Laravel\Lumen\Application->sendThroughPipeline(Array, Object(Closure))
#20 /var/www/vendor/laravel/lumen-framework/src/Concerns/RoutesRequests.php(598): Laravel\Lumen\Application->handleFoundRoute(Array)
#21 /var/www/vendor/laravel/lumen-framework/src/Concerns/RoutesRequests.php(532): Laravel\Lumen\Application->handleDispatcherResponse(Array)
#22 /var/www/vendor/laravel/lumen-framework/src/Concerns/RoutesRequests.php(781): Laravel\Lumen\Application->Laravel\Lumen\Concerns\{closure}()
#23 /var/www/vendor/laravel/lumen-framework/src/Concerns/RoutesRequests.php(534): Laravel\Lumen\Application->sendThroughPipeline(Array, Object(Closure))
#24 /var/www/vendor/laravel/lumen-framework/src/Concerns/RoutesRequests.php(475): Laravel\Lumen\Application->dispatch(NULL)
#25 /var/www/index.php(28): Laravel\Lumen\Application->run()
#26 {main}  
[2018-07-02 14:26:04] lumen.ERROR: ErrorException: Trying to get property of non-object in /var/www/app/Http/Controllers/TaskController.php:44
Stack trace:
#0 /var/www/app/Http/Controllers/TaskController.php(44): Laravel\Lumen\Application->Laravel\Lumen\Concerns\{closure}(8, 'Trying to get p...', '/var/www/app/Ht...', 44, Array)
#1 [internal function]: App\Http\Controllers\TaskController->update(Object(Illuminate\Http\Request), '51', '4')
#2 /var/www/vendor/illuminate/container/BoundMethod.php(29): call_user_func_array(Array, Array)
#3 /var/www/vendor/illuminate/container/BoundMethod.php(87): Illuminate\Container\BoundMethod::Illuminate\Container\{closure}()
#4 /var/www/vendor/illuminate/container/BoundMethod.php(31): Illuminate\Container\BoundMethod::callBoundMethod(Object(Laravel\Lumen\Application), Array, Object(Closure))
#5 /var/www/vendor/illuminate/container/Container.php(539): Illuminate\Container\BoundMethod::call(Object(Laravel\Lumen\Application), Array, Array, NULL)
#6 /var/www/vendor/laravel/lumen-framework/src/Concerns/RoutesRequests.php(741): Illuminate\Container\Container->call(Array, Array)
#7 /var/www/vendor/laravel/lumen-framework/src/Concerns/RoutesRequests.php(707): Laravel\Lumen\Application->callControllerCallable(Array, Array)
#8 /var/www/vendor/laravel/lumen-framework/src/Concerns/RoutesRequests.php(681): Laravel\Lumen\Application->callLumenController(Object(App\Http\Controllers\TaskController), 'update', Array)
#9 /var/www/vendor/laravel/lumen-framework/src/Concerns/RoutesRequests.php(643): Laravel\Lumen\Application->callControllerAction(Array)
#10 /var/www/vendor/laravel/lumen-framework/src/Concerns/RoutesRequests.php(623): Laravel\Lumen\Application->callActionOnArrayBasedRoute(Array)
#11 [internal function]: Laravel\Lumen\Application->Laravel\Lumen\Concerns\{closure}(Object(Illuminate\Http\Request))
#12 /var/www/vendor/laravel/lumen-framework/src/Routing/Pipeline.php(52): call_user_func(Object(Closure), Object(Illuminate\Http\Request))
#13 /var/www/app/Http/Middleware/JwtMiddleware.php(37): Laravel\Lumen\Routing\Pipeline->Laravel\Lumen\Routing\{closure}(Object(Illuminate\Http\Request))
#14 /var/www/vendor/illuminate/pipeline/Pipeline.php(148): App\Http\Middleware\JwtMiddleware->handle(Object(Illuminate\Http\Request), Object(Closure))
#15 [internal function]: Illuminate\Pipeline\Pipeline->Illuminate\Pipeline\{closure}(Object(Illuminate\Http\Request))
#16 /var/www/vendor/laravel/lumen-framework/src/Routing/Pipeline.php(32): call_user_func(Object(Closure), Object(Illuminate\Http\Request))
#17 /var/www/vendor/illuminate/pipeline/Pipeline.php(102): Laravel\Lumen\Routing\Pipeline->Laravel\Lumen\Routing\{closure}(Object(Illuminate\Http\Request))
#18 /var/www/vendor/laravel/lumen-framework/src/Concerns/RoutesRequests.php(778): Illuminate\Pipeline\Pipeline->then(Object(Closure))
#19 /var/www/vendor/laravel/lumen-framework/src/Concerns/RoutesRequests.php(624): Laravel\Lumen\Application->sendThroughPipeline(Array, Object(Closure))
#20 /var/www/vendor/laravel/lumen-framework/src/Concerns/RoutesRequests.php(598): Laravel\Lumen\Application->handleFoundRoute(Array)
#21 /var/www/vendor/laravel/lumen-framework/src/Concerns/RoutesRequests.php(532): Laravel\Lumen\Application->handleDispatcherResponse(Array)
#22 /var/www/vendor/laravel/lumen-framework/src/Concerns/RoutesRequests.php(781): Laravel\Lumen\Application->Laravel\Lumen\Concerns\{closure}()
#23 /var/www/vendor/laravel/lumen-framework/src/Concerns/RoutesRequests.php(534): Laravel\Lumen\Application->sendThroughPipeline(Array, Object(Closure))
#24 /var/www/vendor/laravel/lumen-framework/src/Concerns/RoutesRequests.php(475): Laravel\Lumen\Application->dispatch(NULL)
#25 /var/www/index.php(28): Laravel\Lumen\Application->run()
#26 {main}  
[2018-07-02 14:26:12] lumen.ERROR: ErrorException: Trying to get property of non-object in /var/www/app/Http/Controllers/TaskController.php:25
Stack trace:
#0 /var/www/app/Http/Controllers/TaskController.php(25): Laravel\Lumen\Application->Laravel\Lumen\Concerns\{closure}(8, 'Trying to get p...', '/var/www/app/Ht...', 25, Array)
#1 [internal function]: App\Http\Controllers\TaskController->create(Object(Illuminate\Http\Request), '51')
#2 /var/www/vendor/illuminate/container/BoundMethod.php(29): call_user_func_array(Array, Array)
#3 /var/www/vendor/illuminate/container/BoundMethod.php(87): Illuminate\Container\BoundMethod::Illuminate\Container\{closure}()
#4 /var/www/vendor/illuminate/container/BoundMethod.php(31): Illuminate\Container\BoundMethod::callBoundMethod(Object(Laravel\Lumen\Application), Array, Object(Closure))
#5 /var/www/vendor/illuminate/container/Container.php(539): Illuminate\Container\BoundMethod::call(Object(Laravel\Lumen\Application), Array, Array, NULL)
#6 /var/www/vendor/laravel/lumen-framework/src/Concerns/RoutesRequests.php(741): Illuminate\Container\Container->call(Array, Array)
#7 /var/www/vendor/laravel/lumen-framework/src/Concerns/RoutesRequests.php(707): Laravel\Lumen\Application->callControllerCallable(Array, Array)
#8 /var/www/vendor/laravel/lumen-framework/src/Concerns/RoutesRequests.php(681): Laravel\Lumen\Application->callLumenController(Object(App\Http\Controllers\TaskController), 'create', Array)
#9 /var/www/vendor/laravel/lumen-framework/src/Concerns/RoutesRequests.php(643): Laravel\Lumen\Application->callControllerAction(Array)
#10 /var/www/vendor/laravel/lumen-framework/src/Concerns/RoutesRequests.php(623): Laravel\Lumen\Application->callActionOnArrayBasedRoute(Array)
#11 [internal function]: Laravel\Lumen\Application->Laravel\Lumen\Concerns\{closure}(Object(Illuminate\Http\Request))
#12 /var/www/vendor/laravel/lumen-framework/src/Routing/Pipeline.php(52): call_user_func(Object(Closure), Object(Illuminate\Http\Request))
#13 /var/www/app/Http/Middleware/JwtMiddleware.php(37): Laravel\Lumen\Routing\Pipeline->Laravel\Lumen\Routing\{closure}(Object(Illuminate\Http\Request))
#14 /var/www/vendor/illuminate/pipeline/Pipeline.php(148): App\Http\Middleware\JwtMiddleware->handle(Object(Illuminate\Http\Request), Object(Closure))
#15 [internal function]: Illuminate\Pipeline\Pipeline->Illuminate\Pipeline\{closure}(Object(Illuminate\Http\Request))
#16 /var/www/vendor/laravel/lumen-framework/src/Routing/Pipeline.php(32): call_user_func(Object(Closure), Object(Illuminate\Http\Request))
#17 /var/www/vendor/illuminate/pipeline/Pipeline.php(102): Laravel\Lumen\Routing\Pipeline->Laravel\Lumen\Routing\{closure}(Object(Illuminate\Http\Request))
#18 /var/www/vendor/laravel/lumen-framework/src/Concerns/RoutesRequests.php(778): Illuminate\Pipeline\Pipeline->then(Object(Closure))
#19 /var/www/vendor/laravel/lumen-framework/src/Concerns/RoutesRequests.php(624): Laravel\Lumen\Application->sendThroughPipeline(Array, Object(Closure))
#20 /var/www/vendor/laravel/lumen-framework/src/Concerns/RoutesRequests.php(598): Laravel\Lumen\Application->handleFoundRoute(Array)
#21 /var/www/vendor/laravel/lumen-framework/src/Concerns/RoutesRequests.php(532): Laravel\Lumen\Application->handleDispatcherResponse(Array)
#22 /var/www/vendor/laravel/lumen-framework/src/Concerns/RoutesRequests.php(781): Laravel\Lumen\Application->Laravel\Lumen\Concerns\{closure}()
#23 /var/www/vendor/laravel/lumen-framework/src/Concerns/RoutesRequests.php(534): Laravel\Lumen\Application->sendThroughPipeline(Array, Object(Closure))
#24 /var/www/vendor/laravel/lumen-framework/src/Concerns/RoutesRequests.php(475): Laravel\Lumen\Application->dispatch(NULL)
#25 /var/www/index.php(28): Laravel\Lumen\Application->run()
#26 {main}  
[2018-07-02 14:29:02] lumen.ERROR: ErrorException: Trying to get property of non-object in /var/www/app/Http/Controllers/ProjectController.php:25
Stack trace:
#0 /var/www/app/Http/Controllers/ProjectController.php(25): Laravel\Lumen\Application->Laravel\Lumen\Concerns\{closure}(8, 'Trying to get p...', '/var/www/app/Ht...', 25, Array)
#1 [internal function]: App\Http\Controllers\ProjectController->create(Object(Illuminate\Http\Request))
#2 /var/www/vendor/illuminate/container/BoundMethod.php(29): call_user_func_array(Array, Array)
#3 /var/www/vendor/illuminate/container/BoundMethod.php(87): Illuminate\Container\BoundMethod::Illuminate\Container\{closure}()
#4 /var/www/vendor/illuminate/container/BoundMethod.php(31): Illuminate\Container\BoundMethod::callBoundMethod(Object(Laravel\Lumen\Application), Array, Object(Closure))
#5 /var/www/vendor/illuminate/container/Container.php(539): Illuminate\Container\BoundMethod::call(Object(Laravel\Lumen\Application), Array, Array, NULL)
#6 /var/www/vendor/laravel/lumen-framework/src/Concerns/RoutesRequests.php(741): Illuminate\Container\Container->call(Array, Array)
#7 /var/www/vendor/laravel/lumen-framework/src/Concerns/RoutesRequests.php(707): Laravel\Lumen\Application->callControllerCallable(Array, Array)
#8 /var/www/vendor/laravel/lumen-framework/src/Concerns/RoutesRequests.php(681): Laravel\Lumen\Application->callLumenController(Object(App\Http\Controllers\ProjectController), 'create', Array)
#9 /var/www/vendor/laravel/lumen-framework/src/Concerns/RoutesRequests.php(643): Laravel\Lumen\Application->callControllerAction(Array)
#10 /var/www/vendor/laravel/lumen-framework/src/Concerns/RoutesRequests.php(623): Laravel\Lumen\Application->callActionOnArrayBasedRoute(Array)
#11 [internal function]: Laravel\Lumen\Application->Laravel\Lumen\Concerns\{closure}(Object(Illuminate\Http\Request))
#12 /var/www/vendor/laravel/lumen-framework/src/Routing/Pipeline.php(52): call_user_func(Object(Closure), Object(Illuminate\Http\Request))
#13 /var/www/app/Http/Middleware/JwtMiddleware.php(37): Laravel\Lumen\Routing\Pipeline->Laravel\Lumen\Routing\{closure}(Object(Illuminate\Http\Request))
#14 /var/www/vendor/illuminate/pipeline/Pipeline.php(148): App\Http\Middleware\JwtMiddleware->handle(Object(Illuminate\Http\Request), Object(Closure))
#15 [internal function]: Illuminate\Pipeline\Pipeline->Illuminate\Pipeline\{closure}(Object(Illuminate\Http\Request))
#16 /var/www/vendor/laravel/lumen-framework/src/Routing/Pipeline.php(32): call_user_func(Object(Closure), Object(Illuminate\Http\Request))
#17 /var/www/vendor/illuminate/pipeline/Pipeline.php(102): Laravel\Lumen\Routing\Pipeline->Laravel\Lumen\Routing\{closure}(Object(Illuminate\Http\Request))
#18 /var/www/vendor/laravel/lumen-framework/src/Concerns/RoutesRequests.php(778): Illuminate\Pipeline\Pipeline->then(Object(Closure))
#19 /var/www/vendor/laravel/lumen-framework/src/Concerns/RoutesRequests.php(624): Laravel\Lumen\Application->sendThroughPipeline(Array, Object(Closure))
#20 /var/www/vendor/laravel/lumen-framework/src/Concerns/RoutesRequests.php(528): Laravel\Lumen\Application->handleFoundRoute(Array)
#21 /var/www/vendor/laravel/lumen-framework/src/Concerns/RoutesRequests.php(781): Laravel\Lumen\Application->Laravel\Lumen\Concerns\{closure}()
#22 /var/www/vendor/laravel/lumen-framework/src/Concerns/RoutesRequests.php(534): Laravel\Lumen\Application->sendThroughPipeline(Array, Object(Closure))
#23 /var/www/vendor/laravel/lumen-framework/src/Concerns/RoutesRequests.php(475): Laravel\Lumen\Application->dispatch(NULL)
#24 /var/www/index.php(28): Laravel\Lumen\Application->run()
#25 {main}  
[2018-07-02 14:30:24] lumen.ERROR: ErrorException: Trying to get property of non-object in /var/www/app/Http/Controllers/ProjectController.php:24
Stack trace:
#0 /var/www/app/Http/Controllers/ProjectController.php(24): Laravel\Lumen\Application->Laravel\Lumen\Concerns\{closure}(8, 'Trying to get p...', '/var/www/app/Ht...', 24, Array)
#1 [internal function]: App\Http\Controllers\ProjectController->create(Object(Illuminate\Http\Request))
#2 /var/www/vendor/illuminate/container/BoundMethod.php(29): call_user_func_array(Array, Array)
#3 /var/www/vendor/illuminate/container/BoundMethod.php(87): Illuminate\Container\BoundMethod::Illuminate\Container\{closure}()
#4 /var/www/vendor/illuminate/container/BoundMethod.php(31): Illuminate\Container\BoundMethod::callBoundMethod(Object(Laravel\Lumen\Application), Array, Object(Closure))
#5 /var/www/vendor/illuminate/container/Container.php(539): Illuminate\Container\BoundMethod::call(Object(Laravel\Lumen\Application), Array, Array, NULL)
#6 /var/www/vendor/laravel/lumen-framework/src/Concerns/RoutesRequests.php(741): Illuminate\Container\Container->call(Array, Array)
#7 /var/www/vendor/laravel/lumen-framework/src/Concerns/RoutesRequests.php(707): Laravel\Lumen\Application->callControllerCallable(Array, Array)
#8 /var/www/vendor/laravel/lumen-framework/src/Concerns/RoutesRequests.php(681): Laravel\Lumen\Application->callLumenController(Object(App\Http\Controllers\ProjectController), 'create', Array)
#9 /var/www/vendor/laravel/lumen-framework/src/Concerns/RoutesRequests.php(643): Laravel\Lumen\Application->callControllerAction(Array)
#10 /var/www/vendor/laravel/lumen-framework/src/Concerns/RoutesRequests.php(623): Laravel\Lumen\Application->callActionOnArrayBasedRoute(Array)
#11 [internal function]: Laravel\Lumen\Application->Laravel\Lumen\Concerns\{closure}(Object(Illuminate\Http\Request))
#12 /var/www/vendor/laravel/lumen-framework/src/Routing/Pipeline.php(52): call_user_func(Object(Closure), Object(Illuminate\Http\Request))
#13 /var/www/app/Http/Middleware/JwtMiddleware.php(37): Laravel\Lumen\Routing\Pipeline->Laravel\Lumen\Routing\{closure}(Object(Illuminate\Http\Request))
#14 /var/www/vendor/illuminate/pipeline/Pipeline.php(148): App\Http\Middleware\JwtMiddleware->handle(Object(Illuminate\Http\Request), Object(Closure))
#15 [internal function]: Illuminate\Pipeline\Pipeline->Illuminate\Pipeline\{closure}(Object(Illuminate\Http\Request))
#16 /var/www/vendor/laravel/lumen-framework/src/Routing/Pipeline.php(32): call_user_func(Object(Closure), Object(Illuminate\Http\Request))
#17 /var/www/vendor/illuminate/pipeline/Pipeline.php(102): Laravel\Lumen\Routing\Pipeline->Laravel\Lumen\Routing\{closure}(Object(Illuminate\Http\Request))
#18 /var/www/vendor/laravel/lumen-framework/src/Concerns/RoutesRequests.php(778): Illuminate\Pipeline\Pipeline->then(Object(Closure))
#19 /var/www/vendor/laravel/lumen-framework/src/Concerns/RoutesRequests.php(624): Laravel\Lumen\Application->sendThroughPipeline(Array, Object(Closure))
#20 /var/www/vendor/laravel/lumen-framework/src/Concerns/RoutesRequests.php(528): Laravel\Lumen\Application->handleFoundRoute(Array)
#21 /var/www/vendor/laravel/lumen-framework/src/Concerns/RoutesRequests.php(781): Laravel\Lumen\Application->Laravel\Lumen\Concerns\{closure}()
#22 /var/www/vendor/laravel/lumen-framework/src/Concerns/RoutesRequests.php(534): Laravel\Lumen\Application->sendThroughPipeline(Array, Object(Closure))
#23 /var/www/vendor/laravel/lumen-framework/src/Concerns/RoutesRequests.php(475): Laravel\Lumen\Application->dispatch(NULL)
#24 /var/www/index.php(28): Laravel\Lumen\Application->run()
#25 {main}  
[2018-07-02 14:31:46] lumen.ERROR: ErrorException: Trying to get property of non-object in /var/www/app/Http/Controllers/ProjectController.php:27
Stack trace:
#0 /var/www/app/Http/Controllers/ProjectController.php(27): Laravel\Lumen\Application->Laravel\Lumen\Concerns\{closure}(8, 'Trying to get p...', '/var/www/app/Ht...', 27, Array)
#1 [internal function]: App\Http\Controllers\ProjectController->create(Object(Illuminate\Http\Request))
#2 /var/www/vendor/illuminate/container/BoundMethod.php(29): call_user_func_array(Array, Array)
#3 /var/www/vendor/illuminate/container/BoundMethod.php(87): Illuminate\Container\BoundMethod::Illuminate\Container\{closure}()
#4 /var/www/vendor/illuminate/container/BoundMethod.php(31): Illuminate\Container\BoundMethod::callBoundMethod(Object(Laravel\Lumen\Application), Array, Object(Closure))
#5 /var/www/vendor/illuminate/container/Container.php(539): Illuminate\Container\BoundMethod::call(Object(Laravel\Lumen\Application), Array, Array, NULL)
#6 /var/www/vendor/laravel/lumen-framework/src/Concerns/RoutesRequests.php(741): Illuminate\Container\Container->call(Array, Array)
#7 /var/www/vendor/laravel/lumen-framework/src/Concerns/RoutesRequests.php(707): Laravel\Lumen\Application->callControllerCallable(Array, Array)
#8 /var/www/vendor/laravel/lumen-framework/src/Concerns/RoutesRequests.php(681): Laravel\Lumen\Application->callLumenController(Object(App\Http\Controllers\ProjectController), 'create', Array)
#9 /var/www/vendor/laravel/lumen-framework/src/Concerns/RoutesRequests.php(643): Laravel\Lumen\Application->callControllerAction(Array)
#10 /var/www/vendor/laravel/lumen-framework/src/Concerns/RoutesRequests.php(623): Laravel\Lumen\Application->callActionOnArrayBasedRoute(Array)
#11 [internal function]: Laravel\Lumen\Application->Laravel\Lumen\Concerns\{closure}(Object(Illuminate\Http\Request))
#12 /var/www/vendor/laravel/lumen-framework/src/Routing/Pipeline.php(52): call_user_func(Object(Closure), Object(Illuminate\Http\Request))
#13 /var/www/app/Http/Middleware/JwtMiddleware.php(37): Laravel\Lumen\Routing\Pipeline->Laravel\Lumen\Routing\{closure}(Object(Illuminate\Http\Request))
#14 /var/www/vendor/illuminate/pipeline/Pipeline.php(148): App\Http\Middleware\JwtMiddleware->handle(Object(Illuminate\Http\Request), Object(Closure))
#15 [internal function]: Illuminate\Pipeline\Pipeline->Illuminate\Pipeline\{closure}(Object(Illuminate\Http\Request))
#16 /var/www/vendor/laravel/lumen-framework/src/Routing/Pipeline.php(32): call_user_func(Object(Closure), Object(Illuminate\Http\Request))
#17 /var/www/vendor/illuminate/pipeline/Pipeline.php(102): Laravel\Lumen\Routing\Pipeline->Laravel\Lumen\Routing\{closure}(Object(Illuminate\Http\Request))
#18 /var/www/vendor/laravel/lumen-framework/src/Concerns/RoutesRequests.php(778): Illuminate\Pipeline\Pipeline->then(Object(Closure))
#19 /var/www/vendor/laravel/lumen-framework/src/Concerns/RoutesRequests.php(624): Laravel\Lumen\Application->sendThroughPipeline(Array, Object(Closure))
#20 /var/www/vendor/laravel/lumen-framework/src/Concerns/RoutesRequests.php(528): Laravel\Lumen\Application->handleFoundRoute(Array)
#21 /var/www/vendor/laravel/lumen-framework/src/Concerns/RoutesRequests.php(781): Laravel\Lumen\Application->Laravel\Lumen\Concerns\{closure}()
#22 /var/www/vendor/laravel/lumen-framework/src/Concerns/RoutesRequests.php(534): Laravel\Lumen\Application->sendThroughPipeline(Array, Object(Closure))
#23 /var/www/vendor/laravel/lumen-framework/src/Concerns/RoutesRequests.php(475): Laravel\Lumen\Application->dispatch(NULL)
#24 /var/www/index.php(28): Laravel\Lumen\Application->run()
#25 {main}  
[2018-07-02 14:31:55] lumen.ERROR: PDOException: SQLSTATE[23000]: Integrity constraint violation: 1048 Column 'creator' cannot be null in /var/www/vendor/illuminate/database/Connection.php:449
Stack trace:
#0 /var/www/vendor/illuminate/database/Connection.php(449): PDOStatement->execute()
#1 /var/www/vendor/illuminate/database/Connection.php(640): Illuminate\Database\Connection->Illuminate\Database\{closure}('insert into `pr...', Array)
#2 /var/www/vendor/illuminate/database/Connection.php(607): Illuminate\Database\Connection->runQueryCallback('insert into `pr...', Array, Object(Closure))
#3 /var/www/vendor/illuminate/database/Connection.php(450): Illuminate\Database\Connection->run('insert into `pr...', Array, Object(Closure))
#4 /var/www/vendor/illuminate/database/Connection.php(404): Illuminate\Database\Connection->statement('insert into `pr...', Array)
#5 /var/www/vendor/illuminate/database/Query/Processors/Processor.php(32): Illuminate\Database\Connection->insert('insert into `pr...', Array)
#6 /var/www/vendor/illuminate/database/Query/Builder.php(2133): Illuminate\Database\Query\Processors\Processor->processInsertGetId(Object(Illuminate\Database\Query\Builder), 'insert into `pr...', Array, 'id')
#7 /var/www/vendor/illuminate/database/Eloquent/Builder.php(1251): Illuminate\Database\Query\Builder->insertGetId(Array, 'id')
#8 /var/www/vendor/illuminate/database/Eloquent/Model.php(688): Illuminate\Database\Eloquent\Builder->__call('insertGetId', Array)
#9 /var/www/vendor/illuminate/database/Eloquent/Model.php(653): Illuminate\Database\Eloquent\Model->insertAndSetId(Object(Illuminate\Database\Eloquent\Builder), Array)
#10 /var/www/vendor/illuminate/database/Eloquent/Model.php(522): Illuminate\Database\Eloquent\Model->performInsert(Object(Illuminate\Database\Eloquent\Builder))
#11 /var/www/vendor/illuminate/database/Eloquent/Builder.php(734): Illuminate\Database\Eloquent\Model->save()
#12 /var/www/vendor/illuminate/support/helpers.php(964): Illuminate\Database\Eloquent\Builder->Illuminate\Database\Eloquent\{closure}(Object(App\Models\Project))
#13 /var/www/vendor/illuminate/database/Eloquent/Builder.php(735): tap(Object(App\Models\Project), Object(Closure))
#14 /var/www/vendor/illuminate/database/Eloquent/Model.php(1374): Illuminate\Database\Eloquent\Builder->create(Array)
#15 /var/www/vendor/illuminate/database/Eloquent/Model.php(1386): Illuminate\Database\Eloquent\Model->__call('create', Array)
#16 /var/www/app/Models/Project.php(39): Illuminate\Database\Eloquent\Model::__callStatic('create', Array)
#17 /var/www/app/Facade/ProjectFacade.php(13): App\Models\Project::create_record(Array, NULL)
#18 /var/www/app/Http/Controllers/ProjectController.php(27): App\Facade\ProjectFacade::create(Array, NULL)
#19 [internal function]: App\Http\Controllers\ProjectController->create(Object(Illuminate\Http\Request))
#20 /var/www/vendor/illuminate/container/BoundMethod.php(29): call_user_func_array(Array, Array)
#21 /var/www/vendor/illuminate/container/BoundMethod.php(87): Illuminate\Container\BoundMethod::Illuminate\Container\{closure}()
#22 /var/www/vendor/illuminate/container/BoundMethod.php(31): Illuminate\Container\BoundMethod::callBoundMethod(Object(Laravel\Lumen\Application), Array, Object(Closure))
#23 /var/www/vendor/illuminate/container/Container.php(539): Illuminate\Container\BoundMethod::call(Object(Laravel\Lumen\Application), Array, Array, NULL)
#24 /var/www/vendor/laravel/lumen-framework/src/Concerns/RoutesRequests.php(741): Illuminate\Container\Container->call(Array, Array)
#25 /var/www/vendor/laravel/lumen-framework/src/Concerns/RoutesRequests.php(707): Laravel\Lumen\Application->callControllerCallable(Array, Array)
#26 /var/www/vendor/laravel/lumen-framework/src/Concerns/RoutesRequests.php(681): Laravel\Lumen\Application->callLumenController(Object(App\Http\Controllers\ProjectController), 'create', Array)
#27 /var/www/vendor/laravel/lumen-framework/src/Concerns/RoutesRequests.php(643): Laravel\Lumen\Application->callControllerAction(Array)
#28 /var/www/vendor/laravel/lumen-framework/src/Concerns/RoutesRequests.php(623): Laravel\Lumen\Application->callActionOnArrayBasedRoute(Array)
#29 [internal function]: Laravel\Lumen\Application->Laravel\Lumen\Concerns\{closure}(Object(Illuminate\Http\Request))
#30 /var/www/vendor/laravel/lumen-framework/src/Routing/Pipeline.php(52): call_user_func(Object(Closure), Object(Illuminate\Http\Request))
#31 /var/www/app/Http/Middleware/JwtMiddleware.php(37): Laravel\Lumen\Routing\Pipeline->Laravel\Lumen\Routing\{closure}(Object(Illuminate\Http\Request))
#32 /var/www/vendor/illuminate/pipeline/Pipeline.php(148): App\Http\Middleware\JwtMiddleware->handle(Object(Illuminate\Http\Request), Object(Closure))
#33 [internal function]: Illuminate\Pipeline\Pipeline->Illuminate\Pipeline\{closure}(Object(Illuminate\Http\Request))
#34 /var/www/vendor/laravel/lumen-framework/src/Routing/Pipeline.php(32): call_user_func(Object(Closure), Object(Illuminate\Http\Request))
#35 /var/www/vendor/illuminate/pipeline/Pipeline.php(102): Laravel\Lumen\Routing\Pipeline->Laravel\Lumen\Routing\{closure}(Object(Illuminate\Http\Request))
#36 /var/www/vendor/laravel/lumen-framework/src/Concerns/RoutesRequests.php(778): Illuminate\Pipeline\Pipeline->then(Object(Closure))
#37 /var/www/vendor/laravel/lumen-framework/src/Concerns/RoutesRequests.php(624): Laravel\Lumen\Application->sendThroughPipeline(Array, Object(Closure))
#38 /var/www/vendor/laravel/lumen-framework/src/Concerns/RoutesRequests.php(528): Laravel\Lumen\Application->handleFoundRoute(Array)
#39 /var/www/vendor/laravel/lumen-framework/src/Concerns/RoutesRequests.php(781): Laravel\Lumen\Application->Laravel\Lumen\Concerns\{closure}()
#40 /var/www/vendor/laravel/lumen-framework/src/Concerns/RoutesRequests.php(534): Laravel\Lumen\Application->sendThroughPipeline(Array, Object(Closure))
#41 /var/www/vendor/laravel/lumen-framework/src/Concerns/RoutesRequests.php(475): Laravel\Lumen\Application->dispatch(NULL)
#42 /var/www/index.php(28): Laravel\Lumen\Application->run()
#43 {main}

Next Illuminate\Database\QueryException: SQLSTATE[23000]: Integrity constraint violation: 1048 Column 'creator' cannot be null (SQL: insert into `projects` (`name`, `creator`) values (my project 2, )) in /var/www/vendor/illuminate/database/Connection.php:647
Stack trace:
#0 /var/www/vendor/illuminate/database/Connection.php(607): Illuminate\Database\Connection->runQueryCallback('insert into `pr...', Array, Object(Closure))
#1 /var/www/vendor/illuminate/database/Connection.php(450): Illuminate\Database\Connection->run('insert into `pr...', Array, Object(Closure))
#2 /var/www/vendor/illuminate/database/Connection.php(404): Illuminate\Database\Connection->statement('insert into `pr...', Array)
#3 /var/www/vendor/illuminate/database/Query/Processors/Processor.php(32): Illuminate\Database\Connection->insert('insert into `pr...', Array)
#4 /var/www/vendor/illuminate/database/Query/Builder.php(2133): Illuminate\Database\Query\Processors\Processor->processInsertGetId(Object(Illuminate\Database\Query\Builder), 'insert into `pr...', Array, 'id')
#5 /var/www/vendor/illuminate/database/Eloquent/Builder.php(1251): Illuminate\Database\Query\Builder->insertGetId(Array, 'id')
#6 /var/www/vendor/illuminate/database/Eloquent/Model.php(688): Illuminate\Database\Eloquent\Builder->__call('insertGetId', Array)
#7 /var/www/vendor/illuminate/database/Eloquent/Model.php(653): Illuminate\Database\Eloquent\Model->insertAndSetId(Object(Illuminate\Database\Eloquent\Builder), Array)
#8 /var/www/vendor/illuminate/database/Eloquent/Model.php(522): Illuminate\Database\Eloquent\Model->performInsert(Object(Illuminate\Database\Eloquent\Builder))
#9 /var/www/vendor/illuminate/database/Eloquent/Builder.php(734): Illuminate\Database\Eloquent\Model->save()
#10 /var/www/vendor/illuminate/support/helpers.php(964): Illuminate\Database\Eloquent\Builder->Illuminate\Database\Eloquent\{closure}(Object(App\Models\Project))
#11 /var/www/vendor/illuminate/database/Eloquent/Builder.php(735): tap(Object(App\Models\Project), Object(Closure))
#12 /var/www/vendor/illuminate/database/Eloquent/Model.php(1374): Illuminate\Database\Eloquent\Builder->create(Array)
#13 /var/www/vendor/illuminate/database/Eloquent/Model.php(1386): Illuminate\Database\Eloquent\Model->__call('create', Array)
#14 /var/www/app/Models/Project.php(39): Illuminate\Database\Eloquent\Model::__callStatic('create', Array)
#15 /var/www/app/Facade/ProjectFacade.php(13): App\Models\Project::create_record(Array, NULL)
#16 /var/www/app/Http/Controllers/ProjectController.php(27): App\Facade\ProjectFacade::create(Array, NULL)
#17 [internal function]: App\Http\Controllers\ProjectController->create(Object(Illuminate\Http\Request))
#18 /var/www/vendor/illuminate/container/BoundMethod.php(29): call_user_func_array(Array, Array)
#19 /var/www/vendor/illuminate/container/BoundMethod.php(87): Illuminate\Container\BoundMethod::Illuminate\Container\{closure}()
#20 /var/www/vendor/illuminate/container/BoundMethod.php(31): Illuminate\Container\BoundMethod::callBoundMethod(Object(Laravel\Lumen\Application), Array, Object(Closure))
#21 /var/www/vendor/illuminate/container/Container.php(539): Illuminate\Container\BoundMethod::call(Object(Laravel\Lumen\Application), Array, Array, NULL)
#22 /var/www/vendor/laravel/lumen-framework/src/Concerns/RoutesRequests.php(741): Illuminate\Container\Container->call(Array, Array)
#23 /var/www/vendor/laravel/lumen-framework/src/Concerns/RoutesRequests.php(707): Laravel\Lumen\Application->callControllerCallable(Array, Array)
#24 /var/www/vendor/laravel/lumen-framework/src/Concerns/RoutesRequests.php(681): Laravel\Lumen\Application->callLumenController(Object(App\Http\Controllers\ProjectController), 'create', Array)
#25 /var/www/vendor/laravel/lumen-framework/src/Concerns/RoutesRequests.php(643): Laravel\Lumen\Application->callControllerAction(Array)
#26 /var/www/vendor/laravel/lumen-framework/src/Concerns/RoutesRequests.php(623): Laravel\Lumen\Application->callActionOnArrayBasedRoute(Array)
#27 [internal function]: Laravel\Lumen\Application->Laravel\Lumen\Concerns\{closure}(Object(Illuminate\Http\Request))
#28 /var/www/vendor/laravel/lumen-framework/src/Routing/Pipeline.php(52): call_user_func(Object(Closure), Object(Illuminate\Http\Request))
#29 /var/www/app/Http/Middleware/JwtMiddleware.php(37): Laravel\Lumen\Routing\Pipeline->Laravel\Lumen\Routing\{closure}(Object(Illuminate\Http\Request))
#30 /var/www/vendor/illuminate/pipeline/Pipeline.php(148): App\Http\Middleware\JwtMiddleware->handle(Object(Illuminate\Http\Request), Object(Closure))
#31 [internal function]: Illuminate\Pipeline\Pipeline->Illuminate\Pipeline\{closure}(Object(Illuminate\Http\Request))
#32 /var/www/vendor/laravel/lumen-framework/src/Routing/Pipeline.php(32): call_user_func(Object(Closure), Object(Illuminate\Http\Request))
#33 /var/www/vendor/illuminate/pipeline/Pipeline.php(102): Laravel\Lumen\Routing\Pipeline->Laravel\Lumen\Routing\{closure}(Object(Illuminate\Http\Request))
#34 /var/www/vendor/laravel/lumen-framework/src/Concerns/RoutesRequests.php(778): Illuminate\Pipeline\Pipeline->then(Object(Closure))
#35 /var/www/vendor/laravel/lumen-framework/src/Concerns/RoutesRequests.php(624): Laravel\Lumen\Application->sendThroughPipeline(Array, Object(Closure))
#36 /var/www/vendor/laravel/lumen-framework/src/Concerns/RoutesRequests.php(528): Laravel\Lumen\Application->handleFoundRoute(Array)
#37 /var/www/vendor/laravel/lumen-framework/src/Concerns/RoutesRequests.php(781): Laravel\Lumen\Application->Laravel\Lumen\Concerns\{closure}()
#38 /var/www/vendor/laravel/lumen-framework/src/Concerns/RoutesRequests.php(534): Laravel\Lumen\Application->sendThroughPipeline(Array, Object(Closure))
#39 /var/www/vendor/laravel/lumen-framework/src/Concerns/RoutesRequests.php(475): Laravel\Lumen\Application->dispatch(NULL)
#40 /var/www/index.php(28): Laravel\Lumen\Application->run()
#41 {main}  
[2018-07-02 14:33:18] lumen.ERROR: ErrorException: Trying to get property of non-object in /var/www/app/Http/Controllers/ProjectController.php:22
Stack trace:
#0 /var/www/app/Http/Controllers/ProjectController.php(22): Laravel\Lumen\Application->Laravel\Lumen\Concerns\{closure}(8, 'Trying to get p...', '/var/www/app/Ht...', 22, Array)
#1 [internal function]: App\Http\Controllers\ProjectController->create(Object(Illuminate\Http\Request))
#2 /var/www/vendor/illuminate/container/BoundMethod.php(29): call_user_func_array(Array, Array)
#3 /var/www/vendor/illuminate/container/BoundMethod.php(87): Illuminate\Container\BoundMethod::Illuminate\Container\{closure}()
#4 /var/www/vendor/illuminate/container/BoundMethod.php(31): Illuminate\Container\BoundMethod::callBoundMethod(Object(Laravel\Lumen\Application), Array, Object(Closure))
#5 /var/www/vendor/illuminate/container/Container.php(539): Illuminate\Container\BoundMethod::call(Object(Laravel\Lumen\Application), Array, Array, NULL)
#6 /var/www/vendor/laravel/lumen-framework/src/Concerns/RoutesRequests.php(741): Illuminate\Container\Container->call(Array, Array)
#7 /var/www/vendor/laravel/lumen-framework/src/Concerns/RoutesRequests.php(707): Laravel\Lumen\Application->callControllerCallable(Array, Array)
#8 /var/www/vendor/laravel/lumen-framework/src/Concerns/RoutesRequests.php(681): Laravel\Lumen\Application->callLumenController(Object(App\Http\Controllers\ProjectController), 'create', Array)
#9 /var/www/vendor/laravel/lumen-framework/src/Concerns/RoutesRequests.php(643): Laravel\Lumen\Application->callControllerAction(Array)
#10 /var/www/vendor/laravel/lumen-framework/src/Concerns/RoutesRequests.php(623): Laravel\Lumen\Application->callActionOnArrayBasedRoute(Array)
#11 [internal function]: Laravel\Lumen\Application->Laravel\Lumen\Concerns\{closure}(Object(Illuminate\Http\Request))
#12 /var/www/vendor/laravel/lumen-framework/src/Routing/Pipeline.php(52): call_user_func(Object(Closure), Object(Illuminate\Http\Request))
#13 /var/www/app/Http/Middleware/JwtMiddleware.php(37): Laravel\Lumen\Routing\Pipeline->Laravel\Lumen\Routing\{closure}(Object(Illuminate\Http\Request))
#14 /var/www/vendor/illuminate/pipeline/Pipeline.php(148): App\Http\Middleware\JwtMiddleware->handle(Object(Illuminate\Http\Request), Object(Closure))
#15 [internal function]: Illuminate\Pipeline\Pipeline->Illuminate\Pipeline\{closure}(Object(Illuminate\Http\Request))
#16 /var/www/vendor/laravel/lumen-framework/src/Routing/Pipeline.php(32): call_user_func(Object(Closure), Object(Illuminate\Http\Request))
#17 /var/www/vendor/illuminate/pipeline/Pipeline.php(102): Laravel\Lumen\Routing\Pipeline->Laravel\Lumen\Routing\{closure}(Object(Illuminate\Http\Request))
#18 /var/www/vendor/laravel/lumen-framework/src/Concerns/RoutesRequests.php(778): Illuminate\Pipeline\Pipeline->then(Object(Closure))
#19 /var/www/vendor/laravel/lumen-framework/src/Concerns/RoutesRequests.php(624): Laravel\Lumen\Application->sendThroughPipeline(Array, Object(Closure))
#20 /var/www/vendor/laravel/lumen-framework/src/Concerns/RoutesRequests.php(528): Laravel\Lumen\Application->handleFoundRoute(Array)
#21 /var/www/vendor/laravel/lumen-framework/src/Concerns/RoutesRequests.php(781): Laravel\Lumen\Application->Laravel\Lumen\Concerns\{closure}()
#22 /var/www/vendor/laravel/lumen-framework/src/Concerns/RoutesRequests.php(534): Laravel\Lumen\Application->sendThroughPipeline(Array, Object(Closure))
#23 /var/www/vendor/laravel/lumen-framework/src/Concerns/RoutesRequests.php(475): Laravel\Lumen\Application->dispatch(NULL)
#24 /var/www/index.php(28): Laravel\Lumen\Application->run()
#25 {main}  
[2018-07-02 14:43:43] lumen.ERROR: PDOException: SQLSTATE[23000]: Integrity constraint violation: 1452 Cannot add or update a child row: a foreign key constraint fails (`kanbandb`.`projects`, CONSTRAINT `projects_creator_foreign` FOREIGN KEY (`creator`) REFERENCES `users` (`id`) ON DELETE CASCADE) in /var/www/vendor/illuminate/database/Connection.php:449
Stack trace:
#0 /var/www/vendor/illuminate/database/Connection.php(449): PDOStatement->execute()
#1 /var/www/vendor/illuminate/database/Connection.php(640): Illuminate\Database\Connection->Illuminate\Database\{closure}('insert into `pr...', Array)
#2 /var/www/vendor/illuminate/database/Connection.php(607): Illuminate\Database\Connection->runQueryCallback('insert into `pr...', Array, Object(Closure))
#3 /var/www/vendor/illuminate/database/Connection.php(450): Illuminate\Database\Connection->run('insert into `pr...', Array, Object(Closure))
#4 /var/www/vendor/illuminate/database/Connection.php(404): Illuminate\Database\Connection->statement('insert into `pr...', Array)
#5 /var/www/vendor/illuminate/database/Query/Processors/Processor.php(32): Illuminate\Database\Connection->insert('insert into `pr...', Array)
#6 /var/www/vendor/illuminate/database/Query/Builder.php(2133): Illuminate\Database\Query\Processors\Processor->processInsertGetId(Object(Illuminate\Database\Query\Builder), 'insert into `pr...', Array, 'id')
#7 /var/www/vendor/illuminate/database/Eloquent/Builder.php(1251): Illuminate\Database\Query\Builder->insertGetId(Array, 'id')
#8 /var/www/vendor/illuminate/database/Eloquent/Model.php(688): Illuminate\Database\Eloquent\Builder->__call('insertGetId', Array)
#9 /var/www/vendor/illuminate/database/Eloquent/Model.php(653): Illuminate\Database\Eloquent\Model->insertAndSetId(Object(Illuminate\Database\Eloquent\Builder), Array)
#10 /var/www/vendor/illuminate/database/Eloquent/Model.php(522): Illuminate\Database\Eloquent\Model->performInsert(Object(Illuminate\Database\Eloquent\Builder))
#11 /var/www/vendor/illuminate/database/Eloquent/Builder.php(734): Illuminate\Database\Eloquent\Model->save()
#12 /var/www/vendor/illuminate/support/helpers.php(964): Illuminate\Database\Eloquent\Builder->Illuminate\Database\Eloquent\{closure}(Object(App\Models\Project))
#13 /var/www/vendor/illuminate/database/Eloquent/Builder.php(735): tap(Object(App\Models\Project), Object(Closure))
#14 /var/www/vendor/illuminate/database/Eloquent/Model.php(1374): Illuminate\Database\Eloquent\Builder->create(Array)
#15 /var/www/vendor/illuminate/database/Eloquent/Model.php(1386): Illuminate\Database\Eloquent\Model->__call('create', Array)
#16 /var/www/app/Models/Project.php(39): Illuminate\Database\Eloquent\Model::__callStatic('create', Array)
#17 /var/www/app/Facade/ProjectFacade.php(13): App\Models\Project::create_record(Array, Object(App\Models\User))
#18 /var/www/app/Http/Controllers/ProjectController.php(27): App\Facade\ProjectFacade::create(Array, Object(App\Models\User))
#19 [internal function]: App\Http\Controllers\ProjectController->create(Object(Illuminate\Http\Request))
#20 /var/www/vendor/illuminate/container/BoundMethod.php(29): call_user_func_array(Array, Array)
#21 /var/www/vendor/illuminate/container/BoundMethod.php(87): Illuminate\Container\BoundMethod::Illuminate\Container\{closure}()
#22 /var/www/vendor/illuminate/container/BoundMethod.php(31): Illuminate\Container\BoundMethod::callBoundMethod(Object(Laravel\Lumen\Application), Array, Object(Closure))
#23 /var/www/vendor/illuminate/container/Container.php(539): Illuminate\Container\BoundMethod::call(Object(Laravel\Lumen\Application), Array, Array, NULL)
#24 /var/www/vendor/laravel/lumen-framework/src/Concerns/RoutesRequests.php(741): Illuminate\Container\Container->call(Array, Array)
#25 /var/www/vendor/laravel/lumen-framework/src/Concerns/RoutesRequests.php(707): Laravel\Lumen\Application->callControllerCallable(Array, Array)
#26 /var/www/vendor/laravel/lumen-framework/src/Concerns/RoutesRequests.php(681): Laravel\Lumen\Application->callLumenController(Object(App\Http\Controllers\ProjectController), 'create', Array)
#27 /var/www/vendor/laravel/lumen-framework/src/Concerns/RoutesRequests.php(643): Laravel\Lumen\Application->callControllerAction(Array)
#28 /var/www/vendor/laravel/lumen-framework/src/Concerns/RoutesRequests.php(623): Laravel\Lumen\Application->callActionOnArrayBasedRoute(Array)
#29 [internal function]: Laravel\Lumen\Application->Laravel\Lumen\Concerns\{closure}(Object(Illuminate\Http\Request))
#30 /var/www/vendor/laravel/lumen-framework/src/Routing/Pipeline.php(52): call_user_func(Object(Closure), Object(Illuminate\Http\Request))
#31 /var/www/app/Http/Middleware/JwtMiddleware.php(37): Laravel\Lumen\Routing\Pipeline->Laravel\Lumen\Routing\{closure}(Object(Illuminate\Http\Request))
#32 /var/www/vendor/illuminate/pipeline/Pipeline.php(148): App\Http\Middleware\JwtMiddleware->handle(Object(Illuminate\Http\Request), Object(Closure))
#33 [internal function]: Illuminate\Pipeline\Pipeline->Illuminate\Pipeline\{closure}(Object(Illuminate\Http\Request))
#34 /var/www/vendor/laravel/lumen-framework/src/Routing/Pipeline.php(32): call_user_func(Object(Closure), Object(Illuminate\Http\Request))
#35 /var/www/vendor/illuminate/pipeline/Pipeline.php(102): Laravel\Lumen\Routing\Pipeline->Laravel\Lumen\Routing\{closure}(Object(Illuminate\Http\Request))
#36 /var/www/vendor/laravel/lumen-framework/src/Concerns/RoutesRequests.php(778): Illuminate\Pipeline\Pipeline->then(Object(Closure))
#37 /var/www/vendor/laravel/lumen-framework/src/Concerns/RoutesRequests.php(624): Laravel\Lumen\Application->sendThroughPipeline(Array, Object(Closure))
#38 /var/www/vendor/laravel/lumen-framework/src/Concerns/RoutesRequests.php(528): Laravel\Lumen\Application->handleFoundRoute(Array)
#39 /var/www/vendor/laravel/lumen-framework/src/Concerns/RoutesRequests.php(781): Laravel\Lumen\Application->Laravel\Lumen\Concerns\{closure}()
#40 /var/www/vendor/laravel/lumen-framework/src/Concerns/RoutesRequests.php(534): Laravel\Lumen\Application->sendThroughPipeline(Array, Object(Closure))
#41 /var/www/vendor/laravel/lumen-framework/src/Concerns/RoutesRequests.php(475): Laravel\Lumen\Application->dispatch(NULL)
#42 /var/www/index.php(28): Laravel\Lumen\Application->run()
#43 {main}

Next Illuminate\Database\QueryException: SQLSTATE[23000]: Integrity constraint violation: 1452 Cannot add or update a child row: a foreign key constraint fails (`kanbandb`.`projects`, CONSTRAINT `projects_creator_foreign` FOREIGN KEY (`creator`) REFERENCES `users` (`id`) ON DELETE CASCADE) (SQL: insert into `projects` (`name`, `creator`) values (my project 2, {"id":1,"email":"shadman.jamil@gmail.com","username":"shadman","phone":null,"title":null,"avatar":"no-image.jpg","createdAt":"2018-07-02 14:28:11"})) in /var/www/vendor/illuminate/database/Connection.php:647
Stack trace:
#0 /var/www/vendor/illuminate/database/Connection.php(607): Illuminate\Database\Connection->runQueryCallback('insert into `pr...', Array, Object(Closure))
#1 /var/www/vendor/illuminate/database/Connection.php(450): Illuminate\Database\Connection->run('insert into `pr...', Array, Object(Closure))
#2 /var/www/vendor/illuminate/database/Connection.php(404): Illuminate\Database\Connection->statement('insert into `pr...', Array)
#3 /var/www/vendor/illuminate/database/Query/Processors/Processor.php(32): Illuminate\Database\Connection->insert('insert into `pr...', Array)
#4 /var/www/vendor/illuminate/database/Query/Builder.php(2133): Illuminate\Database\Query\Processors\Processor->processInsertGetId(Object(Illuminate\Database\Query\Builder), 'insert into `pr...', Array, 'id')
#5 /var/www/vendor/illuminate/database/Eloquent/Builder.php(1251): Illuminate\Database\Query\Builder->insertGetId(Array, 'id')
#6 /var/www/vendor/illuminate/database/Eloquent/Model.php(688): Illuminate\Database\Eloquent\Builder->__call('insertGetId', Array)
#7 /var/www/vendor/illuminate/database/Eloquent/Model.php(653): Illuminate\Database\Eloquent\Model->insertAndSetId(Object(Illuminate\Database\Eloquent\Builder), Array)
#8 /var/www/vendor/illuminate/database/Eloquent/Model.php(522): Illuminate\Database\Eloquent\Model->performInsert(Object(Illuminate\Database\Eloquent\Builder))
#9 /var/www/vendor/illuminate/database/Eloquent/Builder.php(734): Illuminate\Database\Eloquent\Model->save()
#10 /var/www/vendor/illuminate/support/helpers.php(964): Illuminate\Database\Eloquent\Builder->Illuminate\Database\Eloquent\{closure}(Object(App\Models\Project))
#11 /var/www/vendor/illuminate/database/Eloquent/Builder.php(735): tap(Object(App\Models\Project), Object(Closure))
#12 /var/www/vendor/illuminate/database/Eloquent/Model.php(1374): Illuminate\Database\Eloquent\Builder->create(Array)
#13 /var/www/vendor/illuminate/database/Eloquent/Model.php(1386): Illuminate\Database\Eloquent\Model->__call('create', Array)
#14 /var/www/app/Models/Project.php(39): Illuminate\Database\Eloquent\Model::__callStatic('create', Array)
#15 /var/www/app/Facade/ProjectFacade.php(13): App\Models\Project::create_record(Array, Object(App\Models\User))
#16 /var/www/app/Http/Controllers/ProjectController.php(27): App\Facade\ProjectFacade::create(Array, Object(App\Models\User))
#17 [internal function]: App\Http\Controllers\ProjectController->create(Object(Illuminate\Http\Request))
#18 /var/www/vendor/illuminate/container/BoundMethod.php(29): call_user_func_array(Array, Array)
#19 /var/www/vendor/illuminate/container/BoundMethod.php(87): Illuminate\Container\BoundMethod::Illuminate\Container\{closure}()
#20 /var/www/vendor/illuminate/container/BoundMethod.php(31): Illuminate\Container\BoundMethod::callBoundMethod(Object(Laravel\Lumen\Application), Array, Object(Closure))
#21 /var/www/vendor/illuminate/container/Container.php(539): Illuminate\Container\BoundMethod::call(Object(Laravel\Lumen\Application), Array, Array, NULL)
#22 /var/www/vendor/laravel/lumen-framework/src/Concerns/RoutesRequests.php(741): Illuminate\Container\Container->call(Array, Array)
#23 /var/www/vendor/laravel/lumen-framework/src/Concerns/RoutesRequests.php(707): Laravel\Lumen\Application->callControllerCallable(Array, Array)
#24 /var/www/vendor/laravel/lumen-framework/src/Concerns/RoutesRequests.php(681): Laravel\Lumen\Application->callLumenController(Object(App\Http\Controllers\ProjectController), 'create', Array)
#25 /var/www/vendor/laravel/lumen-framework/src/Concerns/RoutesRequests.php(643): Laravel\Lumen\Application->callControllerAction(Array)
#26 /var/www/vendor/laravel/lumen-framework/src/Concerns/RoutesRequests.php(623): Laravel\Lumen\Application->callActionOnArrayBasedRoute(Array)
#27 [internal function]: Laravel\Lumen\Application->Laravel\Lumen\Concerns\{closure}(Object(Illuminate\Http\Request))
#28 /var/www/vendor/laravel/lumen-framework/src/Routing/Pipeline.php(52): call_user_func(Object(Closure), Object(Illuminate\Http\Request))
#29 /var/www/app/Http/Middleware/JwtMiddleware.php(37): Laravel\Lumen\Routing\Pipeline->Laravel\Lumen\Routing\{closure}(Object(Illuminate\Http\Request))
#30 /var/www/vendor/illuminate/pipeline/Pipeline.php(148): App\Http\Middleware\JwtMiddleware->handle(Object(Illuminate\Http\Request), Object(Closure))
#31 [internal function]: Illuminate\Pipeline\Pipeline->Illuminate\Pipeline\{closure}(Object(Illuminate\Http\Request))
#32 /var/www/vendor/laravel/lumen-framework/src/Routing/Pipeline.php(32): call_user_func(Object(Closure), Object(Illuminate\Http\Request))
#33 /var/www/vendor/illuminate/pipeline/Pipeline.php(102): Laravel\Lumen\Routing\Pipeline->Laravel\Lumen\Routing\{closure}(Object(Illuminate\Http\Request))
#34 /var/www/vendor/laravel/lumen-framework/src/Concerns/RoutesRequests.php(778): Illuminate\Pipeline\Pipeline->then(Object(Closure))
#35 /var/www/vendor/laravel/lumen-framework/src/Concerns/RoutesRequests.php(624): Laravel\Lumen\Application->sendThroughPipeline(Array, Object(Closure))
#36 /var/www/vendor/laravel/lumen-framework/src/Concerns/RoutesRequests.php(528): Laravel\Lumen\Application->handleFoundRoute(Array)
#37 /var/www/vendor/laravel/lumen-framework/src/Concerns/RoutesRequests.php(781): Laravel\Lumen\Application->Laravel\Lumen\Concerns\{closure}()
#38 /var/www/vendor/laravel/lumen-framework/src/Concerns/RoutesRequests.php(534): Laravel\Lumen\Application->sendThroughPipeline(Array, Object(Closure))
#39 /var/www/vendor/laravel/lumen-framework/src/Concerns/RoutesRequests.php(475): Laravel\Lumen\Application->dispatch(NULL)
#40 /var/www/index.php(28): Laravel\Lumen\Application->run()
#41 {main}  
[2018-07-02 14:47:08] lumen.ERROR: PDOException: SQLSTATE[23000]: Integrity constraint violation: 1452 Cannot add or update a child row: a foreign key constraint fails (`kanbandb`.`projects`, CONSTRAINT `projects_creator_foreign` FOREIGN KEY (`creator`) REFERENCES `users` (`id`) ON DELETE CASCADE) in /var/www/vendor/illuminate/database/Connection.php:449
Stack trace:
#0 /var/www/vendor/illuminate/database/Connection.php(449): PDOStatement->execute()
#1 /var/www/vendor/illuminate/database/Connection.php(640): Illuminate\Database\Connection->Illuminate\Database\{closure}('insert into `pr...', Array)
#2 /var/www/vendor/illuminate/database/Connection.php(607): Illuminate\Database\Connection->runQueryCallback('insert into `pr...', Array, Object(Closure))
#3 /var/www/vendor/illuminate/database/Connection.php(450): Illuminate\Database\Connection->run('insert into `pr...', Array, Object(Closure))
#4 /var/www/vendor/illuminate/database/Connection.php(404): Illuminate\Database\Connection->statement('insert into `pr...', Array)
#5 /var/www/vendor/illuminate/database/Query/Processors/Processor.php(32): Illuminate\Database\Connection->insert('insert into `pr...', Array)
#6 /var/www/vendor/illuminate/database/Query/Builder.php(2133): Illuminate\Database\Query\Processors\Processor->processInsertGetId(Object(Illuminate\Database\Query\Builder), 'insert into `pr...', Array, 'id')
#7 /var/www/vendor/illuminate/database/Eloquent/Builder.php(1251): Illuminate\Database\Query\Builder->insertGetId(Array, 'id')
#8 /var/www/vendor/illuminate/database/Eloquent/Model.php(688): Illuminate\Database\Eloquent\Builder->__call('insertGetId', Array)
#9 /var/www/vendor/illuminate/database/Eloquent/Model.php(653): Illuminate\Database\Eloquent\Model->insertAndSetId(Object(Illuminate\Database\Eloquent\Builder), Array)
#10 /var/www/vendor/illuminate/database/Eloquent/Model.php(522): Illuminate\Database\Eloquent\Model->performInsert(Object(Illuminate\Database\Eloquent\Builder))
#11 /var/www/vendor/illuminate/database/Eloquent/Builder.php(734): Illuminate\Database\Eloquent\Model->save()
#12 /var/www/vendor/illuminate/support/helpers.php(964): Illuminate\Database\Eloquent\Builder->Illuminate\Database\Eloquent\{closure}(Object(App\Models\Project))
#13 /var/www/vendor/illuminate/database/Eloquent/Builder.php(735): tap(Object(App\Models\Project), Object(Closure))
#14 /var/www/vendor/illuminate/database/Eloquent/Model.php(1374): Illuminate\Database\Eloquent\Builder->create(Array)
#15 /var/www/vendor/illuminate/database/Eloquent/Model.php(1386): Illuminate\Database\Eloquent\Model->__call('create', Array)
#16 /var/www/app/Models/Project.php(39): Illuminate\Database\Eloquent\Model::__callStatic('create', Array)
#17 /var/www/app/Facade/ProjectFacade.php(13): App\Models\Project::create_record(Array, Object(App\Models\User))
#18 /var/www/app/Http/Controllers/ProjectController.php(27): App\Facade\ProjectFacade::create(Array, Object(App\Models\User))
#19 [internal function]: App\Http\Controllers\ProjectController->create(Object(Illuminate\Http\Request))
#20 /var/www/vendor/illuminate/container/BoundMethod.php(29): call_user_func_array(Array, Array)
#21 /var/www/vendor/illuminate/container/BoundMethod.php(87): Illuminate\Container\BoundMethod::Illuminate\Container\{closure}()
#22 /var/www/vendor/illuminate/container/BoundMethod.php(31): Illuminate\Container\BoundMethod::callBoundMethod(Object(Laravel\Lumen\Application), Array, Object(Closure))
#23 /var/www/vendor/illuminate/container/Container.php(539): Illuminate\Container\BoundMethod::call(Object(Laravel\Lumen\Application), Array, Array, NULL)
#24 /var/www/vendor/laravel/lumen-framework/src/Concerns/RoutesRequests.php(741): Illuminate\Container\Container->call(Array, Array)
#25 /var/www/vendor/laravel/lumen-framework/src/Concerns/RoutesRequests.php(707): Laravel\Lumen\Application->callControllerCallable(Array, Array)
#26 /var/www/vendor/laravel/lumen-framework/src/Concerns/RoutesRequests.php(681): Laravel\Lumen\Application->callLumenController(Object(App\Http\Controllers\ProjectController), 'create', Array)
#27 /var/www/vendor/laravel/lumen-framework/src/Concerns/RoutesRequests.php(643): Laravel\Lumen\Application->callControllerAction(Array)
#28 /var/www/vendor/laravel/lumen-framework/src/Concerns/RoutesRequests.php(623): Laravel\Lumen\Application->callActionOnArrayBasedRoute(Array)
#29 [internal function]: Laravel\Lumen\Application->Laravel\Lumen\Concerns\{closure}(Object(Illuminate\Http\Request))
#30 /var/www/vendor/laravel/lumen-framework/src/Routing/Pipeline.php(52): call_user_func(Object(Closure), Object(Illuminate\Http\Request))
#31 /var/www/app/Http/Middleware/JwtMiddleware.php(37): Laravel\Lumen\Routing\Pipeline->Laravel\Lumen\Routing\{closure}(Object(Illuminate\Http\Request))
#32 /var/www/vendor/illuminate/pipeline/Pipeline.php(148): App\Http\Middleware\JwtMiddleware->handle(Object(Illuminate\Http\Request), Object(Closure))
#33 [internal function]: Illuminate\Pipeline\Pipeline->Illuminate\Pipeline\{closure}(Object(Illuminate\Http\Request))
#34 /var/www/vendor/laravel/lumen-framework/src/Routing/Pipeline.php(32): call_user_func(Object(Closure), Object(Illuminate\Http\Request))
#35 /var/www/vendor/illuminate/pipeline/Pipeline.php(102): Laravel\Lumen\Routing\Pipeline->Laravel\Lumen\Routing\{closure}(Object(Illuminate\Http\Request))
#36 /var/www/vendor/laravel/lumen-framework/src/Concerns/RoutesRequests.php(778): Illuminate\Pipeline\Pipeline->then(Object(Closure))
#37 /var/www/vendor/laravel/lumen-framework/src/Concerns/RoutesRequests.php(624): Laravel\Lumen\Application->sendThroughPipeline(Array, Object(Closure))
#38 /var/www/vendor/laravel/lumen-framework/src/Concerns/RoutesRequests.php(528): Laravel\Lumen\Application->handleFoundRoute(Array)
#39 /var/www/vendor/laravel/lumen-framework/src/Concerns/RoutesRequests.php(781): Laravel\Lumen\Application->Laravel\Lumen\Concerns\{closure}()
#40 /var/www/vendor/laravel/lumen-framework/src/Concerns/RoutesRequests.php(534): Laravel\Lumen\Application->sendThroughPipeline(Array, Object(Closure))
#41 /var/www/vendor/laravel/lumen-framework/src/Concerns/RoutesRequests.php(475): Laravel\Lumen\Application->dispatch(NULL)
#42 /var/www/index.php(28): Laravel\Lumen\Application->run()
#43 {main}

Next Illuminate\Database\QueryException: SQLSTATE[23000]: Integrity constraint violation: 1452 Cannot add or update a child row: a foreign key constraint fails (`kanbandb`.`projects`, CONSTRAINT `projects_creator_foreign` FOREIGN KEY (`creator`) REFERENCES `users` (`id`) ON DELETE CASCADE) (SQL: insert into `projects` (`name`, `creator`) values (my project 2, {"id":1,"email":"shadman.jamil@gmail.com","username":"shadman","phone":null,"title":null,"avatar":"no-image.jpg","createdAt":"2018-07-02 14:28:11"})) in /var/www/vendor/illuminate/database/Connection.php:647
Stack trace:
#0 /var/www/vendor/illuminate/database/Connection.php(607): Illuminate\Database\Connection->runQueryCallback('insert into `pr...', Array, Object(Closure))
#1 /var/www/vendor/illuminate/database/Connection.php(450): Illuminate\Database\Connection->run('insert into `pr...', Array, Object(Closure))
#2 /var/www/vendor/illuminate/database/Connection.php(404): Illuminate\Database\Connection->statement('insert into `pr...', Array)
#3 /var/www/vendor/illuminate/database/Query/Processors/Processor.php(32): Illuminate\Database\Connection->insert('insert into `pr...', Array)
#4 /var/www/vendor/illuminate/database/Query/Builder.php(2133): Illuminate\Database\Query\Processors\Processor->processInsertGetId(Object(Illuminate\Database\Query\Builder), 'insert into `pr...', Array, 'id')
#5 /var/www/vendor/illuminate/database/Eloquent/Builder.php(1251): Illuminate\Database\Query\Builder->insertGetId(Array, 'id')
#6 /var/www/vendor/illuminate/database/Eloquent/Model.php(688): Illuminate\Database\Eloquent\Builder->__call('insertGetId', Array)
#7 /var/www/vendor/illuminate/database/Eloquent/Model.php(653): Illuminate\Database\Eloquent\Model->insertAndSetId(Object(Illuminate\Database\Eloquent\Builder), Array)
#8 /var/www/vendor/illuminate/database/Eloquent/Model.php(522): Illuminate\Database\Eloquent\Model->performInsert(Object(Illuminate\Database\Eloquent\Builder))
#9 /var/www/vendor/illuminate/database/Eloquent/Builder.php(734): Illuminate\Database\Eloquent\Model->save()
#10 /var/www/vendor/illuminate/support/helpers.php(964): Illuminate\Database\Eloquent\Builder->Illuminate\Database\Eloquent\{closure}(Object(App\Models\Project))
#11 /var/www/vendor/illuminate/database/Eloquent/Builder.php(735): tap(Object(App\Models\Project), Object(Closure))
#12 /var/www/vendor/illuminate/database/Eloquent/Model.php(1374): Illuminate\Database\Eloquent\Builder->create(Array)
#13 /var/www/vendor/illuminate/database/Eloquent/Model.php(1386): Illuminate\Database\Eloquent\Model->__call('create', Array)
#14 /var/www/app/Models/Project.php(39): Illuminate\Database\Eloquent\Model::__callStatic('create', Array)
#15 /var/www/app/Facade/ProjectFacade.php(13): App\Models\Project::create_record(Array, Object(App\Models\User))
#16 /var/www/app/Http/Controllers/ProjectController.php(27): App\Facade\ProjectFacade::create(Array, Object(App\Models\User))
#17 [internal function]: App\Http\Controllers\ProjectController->create(Object(Illuminate\Http\Request))
#18 /var/www/vendor/illuminate/container/BoundMethod.php(29): call_user_func_array(Array, Array)
#19 /var/www/vendor/illuminate/container/BoundMethod.php(87): Illuminate\Container\BoundMethod::Illuminate\Container\{closure}()
#20 /var/www/vendor/illuminate/container/BoundMethod.php(31): Illuminate\Container\BoundMethod::callBoundMethod(Object(Laravel\Lumen\Application), Array, Object(Closure))
#21 /var/www/vendor/illuminate/container/Container.php(539): Illuminate\Container\BoundMethod::call(Object(Laravel\Lumen\Application), Array, Array, NULL)
#22 /var/www/vendor/laravel/lumen-framework/src/Concerns/RoutesRequests.php(741): Illuminate\Container\Container->call(Array, Array)
#23 /var/www/vendor/laravel/lumen-framework/src/Concerns/RoutesRequests.php(707): Laravel\Lumen\Application->callControllerCallable(Array, Array)
#24 /var/www/vendor/laravel/lumen-framework/src/Concerns/RoutesRequests.php(681): Laravel\Lumen\Application->callLumenController(Object(App\Http\Controllers\ProjectController), 'create', Array)
#25 /var/www/vendor/laravel/lumen-framework/src/Concerns/RoutesRequests.php(643): Laravel\Lumen\Application->callControllerAction(Array)
#26 /var/www/vendor/laravel/lumen-framework/src/Concerns/RoutesRequests.php(623): Laravel\Lumen\Application->callActionOnArrayBasedRoute(Array)
#27 [internal function]: Laravel\Lumen\Application->Laravel\Lumen\Concerns\{closure}(Object(Illuminate\Http\Request))
#28 /var/www/vendor/laravel/lumen-framework/src/Routing/Pipeline.php(52): call_user_func(Object(Closure), Object(Illuminate\Http\Request))
#29 /var/www/app/Http/Middleware/JwtMiddleware.php(37): Laravel\Lumen\Routing\Pipeline->Laravel\Lumen\Routing\{closure}(Object(Illuminate\Http\Request))
#30 /var/www/vendor/illuminate/pipeline/Pipeline.php(148): App\Http\Middleware\JwtMiddleware->handle(Object(Illuminate\Http\Request), Object(Closure))
#31 [internal function]: Illuminate\Pipeline\Pipeline->Illuminate\Pipeline\{closure}(Object(Illuminate\Http\Request))
#32 /var/www/vendor/laravel/lumen-framework/src/Routing/Pipeline.php(32): call_user_func(Object(Closure), Object(Illuminate\Http\Request))
#33 /var/www/vendor/illuminate/pipeline/Pipeline.php(102): Laravel\Lumen\Routing\Pipeline->Laravel\Lumen\Routing\{closure}(Object(Illuminate\Http\Request))
#34 /var/www/vendor/laravel/lumen-framework/src/Concerns/RoutesRequests.php(778): Illuminate\Pipeline\Pipeline->then(Object(Closure))
#35 /var/www/vendor/laravel/lumen-framework/src/Concerns/RoutesRequests.php(624): Laravel\Lumen\Application->sendThroughPipeline(Array, Object(Closure))
#36 /var/www/vendor/laravel/lumen-framework/src/Concerns/RoutesRequests.php(528): Laravel\Lumen\Application->handleFoundRoute(Array)
#37 /var/www/vendor/laravel/lumen-framework/src/Concerns/RoutesRequests.php(781): Laravel\Lumen\Application->Laravel\Lumen\Concerns\{closure}()
#38 /var/www/vendor/laravel/lumen-framework/src/Concerns/RoutesRequests.php(534): Laravel\Lumen\Application->sendThroughPipeline(Array, Object(Closure))
#39 /var/www/vendor/laravel/lumen-framework/src/Concerns/RoutesRequests.php(475): Laravel\Lumen\Application->dispatch(NULL)
#40 /var/www/index.php(28): Laravel\Lumen\Application->run()
#41 {main}  
